[ 2018-06-30T09:44:26+08:00 ] 127.0.0.1 127.0.0.1 GET /
[ log ] course.dj.com/ [运行时间：1.646642s][吞吐率：0.61req/s] [内存消耗：1,839.55kb] [文件加载：52]
[ info ] [ LANG ] D:\phpStudy\WWW\courses\thinkphp\lang\zh-cn.php
[ info ] [ ROUTE ] array (
  'type' => 'module',
  'module' => 
  array (
    0 => '',
    1 => NULL,
    2 => NULL,
  ),
)
[ info ] [ HEADER ] array (
  'accept-language' => 'zh-CN,zh;q=0.9',
  'accept-encoding' => 'gzip, deflate',
  'dnt' => '1',
  'accept' => 'text/html,application/xhtml+xml,application/xml;q=0.9,image/webp,image/apng,*/*;q=0.8',
  'user-agent' => 'Mozilla/5.0 (Windows NT 10.0; WOW64) AppleWebKit/537.36 (KHTML, like Gecko) Chrome/62.0.3202.75 Safari/537.36',
  'upgrade-insecure-requests' => '1',
  'cache-control' => 'max-age=0',
  'connection' => 'close',
  'host' => 'course.dj.com',
)
[ info ] [ PARAM ] array (
)
[ info ] [ CACHE ] INIT File
[ info ] [ DB ] INIT mysql
[ info ] [ RUN ] app\index\controller\Index->index[ D:\phpStudy\WWW\courses\application\index\controller\Index.php ]
[ info ] [ VIEW ] ./themes/default/index\index.html [ array (
  0 => 'site_title',
  1 => 'seo_title',
  2 => 'seo_keyword',
  3 => 'seo_description',
  4 => 'site_copyright',
  5 => 'site_icp',
  6 => 'site_tongji',
  7 => 'nav',
  8 => 'slide',
) ]
[ info ] [ LOG ] INIT File
[ sql ] [ DB ] CONNECT:[ UseTime:1.058386s ] mysql:dbname=course_work;host=localhost;charset=utf8
[ sql ] [ SQL ] SHOW COLUMNS FROM `os_nav` [ RunTime:0.046850s ]
[ sql ] [ SQL ] SELECT * FROM `os_nav` WHERE  `status` = 1 ORDER BY `sort`  ASC [ RunTime:0.000667s ]
[ sql ] [ SQL ] SHOW COLUMNS FROM `os_slide` [ RunTime:0.015183s ]
[ sql ] [ SQL ] SELECT * FROM `os_slide` WHERE  `status` = 1  AND `cid` = 1 ORDER BY `sort`  DESC [ RunTime:0.000520s ]

---------------------------------------------------------------
[ 2018-06-30T09:44:29+08:00 ] 127.0.0.1 127.0.0.1 GET /favicon.ico
[ log ] course.dj.com/favicon.ico [运行时间：0.077917s][吞吐率：12.83req/s] [内存消耗：1,023.77kb] [文件加载：38]
[ info ] [ LANG ] D:\phpStudy\WWW\courses\thinkphp\lang\zh-cn.php
[ info ] [ ROUTE ] array (
  'type' => 'module',
  'module' => 
  array (
    0 => 'favicon.ico',
    1 => NULL,
    2 => NULL,
  ),
)
[ info ] [ HEADER ] array (
  'cookie' => 'thinkphp_show_page_trace=0|0',
  'accept-language' => 'zh-CN,zh;q=0.9',
  'accept-encoding' => 'gzip, deflate',
  'referer' => 'http://course.dj.com/',
  'dnt' => '1',
  'accept' => 'image/webp,image/apng,image/*,*/*;q=0.8',
  'user-agent' => 'Mozilla/5.0 (Windows NT 10.0; WOW64) AppleWebKit/537.36 (KHTML, like Gecko) Chrome/62.0.3202.75 Safari/537.36',
  'connection' => 'close',
  'host' => 'course.dj.com',
)
[ info ] [ PARAM ] array (
  '/favicon_ico' => '',
)
[ info ] [ LOG ] INIT File

---------------------------------------------------------------
[ 2018-06-30T09:44:45+08:00 ] 127.0.0.1 127.0.0.1 GET /levy/login/index
[ log ] course.dj.com/levy/login/index [运行时间：0.215361s][吞吐率：4.64req/s] [内存消耗：1,269.39kb] [文件加载：46]
[ info ] [ LANG ] D:\phpStudy\WWW\courses\thinkphp\lang\zh-cn.php
[ info ] [ ROUTE ] array (
  'type' => 'module',
  'module' => 
  array (
    0 => 'levy',
    1 => 'login',
    2 => 'index',
  ),
)
[ info ] [ HEADER ] array (
  'cookie' => 'thinkphp_show_page_trace=0|0',
  'accept-language' => 'zh-CN,zh;q=0.9',
  'accept-encoding' => 'gzip, deflate',
  'dnt' => '1',
  'accept' => 'text/html,application/xhtml+xml,application/xml;q=0.9,image/webp,image/apng,*/*;q=0.8',
  'upgrade-insecure-requests' => '1',
  'user-agent' => 'Mozilla/5.0 (Windows NT 10.0; WOW64) AppleWebKit/537.36 (KHTML, like Gecko) Chrome/62.0.3202.75 Safari/537.36',
  'connection' => 'close',
  'host' => 'course.dj.com',
)
[ info ] [ PARAM ] array (
  '/levy/login/index' => '',
)
[ info ] [ RUN ] app\levy\controller\Login->index[ D:\phpStudy\WWW\courses\application\levy\controller\Login.php ]
[ info ] [ LOG ] INIT File
[ error ] [8]未定义数组索引: username[D:\phpStudy\WWW\courses\application\levy\controller\Login.php:48]

---------------------------------------------------------------
[ 2018-06-30T09:45:48+08:00 ] 127.0.0.1 127.0.0.1 GET /levy/login/index
[ log ] course.dj.com/levy/login/index [运行时间：0.027105s][吞吐率：36.89req/s] [内存消耗：1,269.60kb] [文件加载：46]
[ info ] [ LANG ] D:\phpStudy\WWW\courses\thinkphp\lang\zh-cn.php
[ info ] [ ROUTE ] array (
  'type' => 'module',
  'module' => 
  array (
    0 => 'levy',
    1 => 'login',
    2 => 'index',
  ),
)
[ info ] [ HEADER ] array (
  'cookie' => 'thinkphp_show_page_trace=0|0; thinkphp_show_page_trace=0|0',
  'accept-language' => 'zh-CN,zh;q=0.9',
  'accept-encoding' => 'gzip, deflate',
  'dnt' => '1',
  'accept' => 'text/html,application/xhtml+xml,application/xml;q=0.9,image/webp,image/apng,*/*;q=0.8',
  'user-agent' => 'Mozilla/5.0 (Windows NT 10.0; WOW64) AppleWebKit/537.36 (KHTML, like Gecko) Chrome/62.0.3202.75 Safari/537.36',
  'upgrade-insecure-requests' => '1',
  'cache-control' => 'max-age=0',
  'connection' => 'close',
  'host' => 'course.dj.com',
)
[ info ] [ PARAM ] array (
  '/levy/login/index' => '',
)
[ info ] [ RUN ] app\levy\controller\Login->index[ D:\phpStudy\WWW\courses\application\levy\controller\Login.php ]
[ info ] [ LOG ] INIT File
[ error ] [8]未定义数组索引: username[D:\phpStudy\WWW\courses\application\levy\controller\Login.php:48]

---------------------------------------------------------------
[ 2018-06-30T09:54:29+08:00 ] 127.0.0.1 127.0.0.1 GET /levy/login/index
[ log ] course.dj.com/levy/login/index [运行时间：0.025541s][吞吐率：39.15req/s] [内存消耗：1,269.65kb] [文件加载：46]
[ info ] [ LANG ] D:\phpStudy\WWW\courses\thinkphp\lang\zh-cn.php
[ info ] [ ROUTE ] array (
  'type' => 'module',
  'module' => 
  array (
    0 => 'levy',
    1 => 'login',
    2 => 'index',
  ),
)
[ info ] [ HEADER ] array (
  'cookie' => 'thinkphp_show_page_trace=0|0; thinkphp_show_page_trace=0|0',
  'accept-language' => 'zh-CN,zh;q=0.9',
  'accept-encoding' => 'gzip, deflate',
  'dnt' => '1',
  'accept' => 'text/html,application/xhtml+xml,application/xml;q=0.9,image/webp,image/apng,*/*;q=0.8',
  'user-agent' => 'Mozilla/5.0 (Windows NT 10.0; WOW64) AppleWebKit/537.36 (KHTML, like Gecko) Chrome/62.0.3202.75 Safari/537.36',
  'upgrade-insecure-requests' => '1',
  'cache-control' => 'max-age=0',
  'connection' => 'close',
  'host' => 'course.dj.com',
)
[ info ] [ PARAM ] array (
  '/levy/login/index' => '',
)
[ info ] [ RUN ] app\levy\controller\Login->index[ D:\phpStudy\WWW\courses\application\levy\controller\Login.php ]
[ info ] [ LOG ] INIT File
[ error ] [8]未定义数组索引: username[D:\phpStudy\WWW\courses\application\levy\controller\Login.php:48]

---------------------------------------------------------------
[ 2018-06-30T09:54:30+08:00 ] 127.0.0.1 127.0.0.1 GET /levy/login/index
[ log ] course.dj.com/levy/login/index [运行时间：0.028389s][吞吐率：35.22req/s] [内存消耗：1,269.60kb] [文件加载：46]
[ info ] [ LANG ] D:\phpStudy\WWW\courses\thinkphp\lang\zh-cn.php
[ info ] [ ROUTE ] array (
  'type' => 'module',
  'module' => 
  array (
    0 => 'levy',
    1 => 'login',
    2 => 'index',
  ),
)
[ info ] [ HEADER ] array (
  'cookie' => 'thinkphp_show_page_trace=0|0; thinkphp_show_page_trace=0|0',
  'accept-language' => 'zh-CN,zh;q=0.9',
  'accept-encoding' => 'gzip, deflate',
  'dnt' => '1',
  'accept' => 'text/html,application/xhtml+xml,application/xml;q=0.9,image/webp,image/apng,*/*;q=0.8',
  'user-agent' => 'Mozilla/5.0 (Windows NT 10.0; WOW64) AppleWebKit/537.36 (KHTML, like Gecko) Chrome/62.0.3202.75 Safari/537.36',
  'upgrade-insecure-requests' => '1',
  'cache-control' => 'max-age=0',
  'connection' => 'close',
  'host' => 'course.dj.com',
)
[ info ] [ PARAM ] array (
  '/levy/login/index' => '',
)
[ info ] [ RUN ] app\levy\controller\Login->index[ D:\phpStudy\WWW\courses\application\levy\controller\Login.php ]
[ info ] [ LOG ] INIT File
[ error ] [8]未定义数组索引: username[D:\phpStudy\WWW\courses\application\levy\controller\Login.php:48]

---------------------------------------------------------------
[ 2018-06-30T09:54:46+08:00 ] 127.0.0.1 127.0.0.1 GET /levy/login/index
[ log ] course.dj.com/levy/login/index [运行时间：0.027920s][吞吐率：35.82req/s] [内存消耗：1,269.60kb] [文件加载：46]
[ info ] [ LANG ] D:\phpStudy\WWW\courses\thinkphp\lang\zh-cn.php
[ info ] [ ROUTE ] array (
  'type' => 'module',
  'module' => 
  array (
    0 => 'levy',
    1 => 'login',
    2 => 'index',
  ),
)
[ info ] [ HEADER ] array (
  'cookie' => 'thinkphp_show_page_trace=0|0; thinkphp_show_page_trace=0|0',
  'accept-language' => 'zh-CN,zh;q=0.9',
  'accept-encoding' => 'gzip, deflate',
  'dnt' => '1',
  'accept' => 'text/html,application/xhtml+xml,application/xml;q=0.9,image/webp,image/apng,*/*;q=0.8',
  'user-agent' => 'Mozilla/5.0 (Windows NT 10.0; WOW64) AppleWebKit/537.36 (KHTML, like Gecko) Chrome/62.0.3202.75 Safari/537.36',
  'upgrade-insecure-requests' => '1',
  'cache-control' => 'max-age=0',
  'connection' => 'close',
  'host' => 'course.dj.com',
)
[ info ] [ PARAM ] array (
  '/levy/login/index' => '',
)
[ info ] [ RUN ] app\levy\controller\Login->index[ D:\phpStudy\WWW\courses\application\levy\controller\Login.php ]
[ info ] [ LOG ] INIT File
[ error ] [8]未定义数组索引: username[D:\phpStudy\WWW\courses\application\levy\controller\Login.php:48]

---------------------------------------------------------------
[ 2018-06-30T09:54:46+08:00 ] 127.0.0.1 127.0.0.1 GET /levy/login/index
[ log ] course.dj.com/levy/login/index [运行时间：0.026963s][吞吐率：37.09req/s] [内存消耗：1,269.60kb] [文件加载：46]
[ info ] [ LANG ] D:\phpStudy\WWW\courses\thinkphp\lang\zh-cn.php
[ info ] [ ROUTE ] array (
  'type' => 'module',
  'module' => 
  array (
    0 => 'levy',
    1 => 'login',
    2 => 'index',
  ),
)
[ info ] [ HEADER ] array (
  'cookie' => 'thinkphp_show_page_trace=0|0; thinkphp_show_page_trace=0|0',
  'accept-language' => 'zh-CN,zh;q=0.9',
  'accept-encoding' => 'gzip, deflate',
  'dnt' => '1',
  'accept' => 'text/html,application/xhtml+xml,application/xml;q=0.9,image/webp,image/apng,*/*;q=0.8',
  'user-agent' => 'Mozilla/5.0 (Windows NT 10.0; WOW64) AppleWebKit/537.36 (KHTML, like Gecko) Chrome/62.0.3202.75 Safari/537.36',
  'upgrade-insecure-requests' => '1',
  'cache-control' => 'max-age=0',
  'connection' => 'close',
  'host' => 'course.dj.com',
)
[ info ] [ PARAM ] array (
  '/levy/login/index' => '',
)
[ info ] [ RUN ] app\levy\controller\Login->index[ D:\phpStudy\WWW\courses\application\levy\controller\Login.php ]
[ info ] [ LOG ] INIT File
[ error ] [8]未定义数组索引: username[D:\phpStudy\WWW\courses\application\levy\controller\Login.php:48]

---------------------------------------------------------------
[ 2018-06-30T09:54:47+08:00 ] 127.0.0.1 127.0.0.1 GET /levy/login/index
[ log ] course.dj.com/levy/login/index [运行时间：0.025403s][吞吐率：39.37req/s] [内存消耗：1,269.60kb] [文件加载：46]
[ info ] [ LANG ] D:\phpStudy\WWW\courses\thinkphp\lang\zh-cn.php
[ info ] [ ROUTE ] array (
  'type' => 'module',
  'module' => 
  array (
    0 => 'levy',
    1 => 'login',
    2 => 'index',
  ),
)
[ info ] [ HEADER ] array (
  'cookie' => 'thinkphp_show_page_trace=0|0; thinkphp_show_page_trace=0|0',
  'accept-language' => 'zh-CN,zh;q=0.9',
  'accept-encoding' => 'gzip, deflate',
  'dnt' => '1',
  'accept' => 'text/html,application/xhtml+xml,application/xml;q=0.9,image/webp,image/apng,*/*;q=0.8',
  'user-agent' => 'Mozilla/5.0 (Windows NT 10.0; WOW64) AppleWebKit/537.36 (KHTML, like Gecko) Chrome/62.0.3202.75 Safari/537.36',
  'upgrade-insecure-requests' => '1',
  'cache-control' => 'max-age=0',
  'connection' => 'close',
  'host' => 'course.dj.com',
)
[ info ] [ PARAM ] array (
  '/levy/login/index' => '',
)
[ info ] [ RUN ] app\levy\controller\Login->index[ D:\phpStudy\WWW\courses\application\levy\controller\Login.php ]
[ info ] [ LOG ] INIT File
[ error ] [8]未定义数组索引: username[D:\phpStudy\WWW\courses\application\levy\controller\Login.php:48]

---------------------------------------------------------------
[ 2018-06-30T10:14:49+08:00 ] 127.0.0.1 127.0.0.1 GET /levy/login/index
[ log ] course.dj.com/levy/login/index [运行时间：0.025679s][吞吐率：38.94req/s] [内存消耗：1,269.44kb] [文件加载：46]
[ info ] [ LANG ] D:\phpStudy\WWW\courses\thinkphp\lang\zh-cn.php
[ info ] [ ROUTE ] array (
  'type' => 'module',
  'module' => 
  array (
    0 => 'levy',
    1 => 'login',
    2 => 'index',
  ),
)
[ info ] [ HEADER ] array (
  'cookie' => 'thinkphp_show_page_trace=0|0; thinkphp_show_page_trace=0|0',
  'accept-language' => 'zh-CN,zh;q=0.9',
  'accept-encoding' => 'gzip, deflate',
  'dnt' => '1',
  'accept' => 'text/html,application/xhtml+xml,application/xml;q=0.9,image/webp,image/apng,*/*;q=0.8',
  'user-agent' => 'Mozilla/5.0 (Windows NT 10.0; WOW64) AppleWebKit/537.36 (KHTML, like Gecko) Chrome/62.0.3202.75 Safari/537.36',
  'upgrade-insecure-requests' => '1',
  'cache-control' => 'max-age=0',
  'connection' => 'close',
  'host' => 'course.dj.com',
)
[ info ] [ PARAM ] array (
  '/levy/login/index' => '',
)
[ info ] [ RUN ] app\levy\controller\Login->index[ D:\phpStudy\WWW\courses\application\levy\controller\Login.php ]
[ info ] [ LOG ] INIT File
[ error ] [8]未定义数组索引: username[D:\phpStudy\WWW\courses\application\levy\controller\Login.php:48]

---------------------------------------------------------------
[ 2018-06-30T10:38:55+08:00 ] 127.0.0.1 127.0.0.1 GET /levy/login/index
[ log ] course.dj.com/levy/login/index [运行时间：0.066575s][吞吐率：15.02req/s] [内存消耗：1,269.41kb] [文件加载：46]
[ info ] [ LANG ] D:\phpStudy\WWW\courses\thinkphp\lang\zh-cn.php
[ info ] [ ROUTE ] array (
  'type' => 'module',
  'module' => 
  array (
    0 => 'levy',
    1 => 'login',
    2 => 'index',
  ),
)
[ info ] [ HEADER ] array (
  'cookie' => 'thinkphp_show_page_trace=0|0; thinkphp_show_page_trace=0|0',
  'accept-language' => 'zh-CN,zh;q=0.9',
  'accept-encoding' => 'gzip, deflate',
  'dnt' => '1',
  'accept' => 'text/html,application/xhtml+xml,application/xml;q=0.9,image/webp,image/apng,*/*;q=0.8',
  'upgrade-insecure-requests' => '1',
  'user-agent' => 'Mozilla/5.0 (Windows NT 10.0; WOW64) AppleWebKit/537.36 (KHTML, like Gecko) Chrome/62.0.3202.75 Safari/537.36',
  'connection' => 'close',
  'host' => 'course.dj.com',
)
[ info ] [ PARAM ] array (
  '/levy/login/index' => '',
)
[ info ] [ RUN ] app\levy\controller\Login->index[ D:\phpStudy\WWW\courses\application\levy\controller\Login.php ]
[ info ] [ LOG ] INIT File
[ error ] [8]未定义数组索引: username[D:\phpStudy\WWW\courses\application\levy\controller\Login.php:48]

---------------------------------------------------------------
[ 2018-06-30T10:39:18+08:00 ] 127.0.0.1 127.0.0.1 GET /levy/login/signin
[ log ] course.dj.com/levy/login/signin [运行时间：0.037770s][吞吐率：26.48req/s] [内存消耗：1,786.68kb] [文件加载：51]
[ info ] [ LANG ] D:\phpStudy\WWW\courses\thinkphp\lang\zh-cn.php
[ info ] [ ROUTE ] array (
  'type' => 'module',
  'module' => 
  array (
    0 => 'levy',
    1 => 'login',
    2 => 'signin',
  ),
)
[ info ] [ HEADER ] array (
  'cookie' => 'thinkphp_show_page_trace=0|0; thinkphp_show_page_trace=0|0',
  'accept-language' => 'zh-CN,zh;q=0.9',
  'accept-encoding' => 'gzip, deflate',
  'dnt' => '1',
  'accept' => 'text/html,application/xhtml+xml,application/xml;q=0.9,image/webp,image/apng,*/*;q=0.8',
  'upgrade-insecure-requests' => '1',
  'user-agent' => 'Mozilla/5.0 (Windows NT 10.0; WOW64) AppleWebKit/537.36 (KHTML, like Gecko) Chrome/62.0.3202.75 Safari/537.36',
  'connection' => 'close',
  'host' => 'course.dj.com',
)
[ info ] [ PARAM ] array (
  '/levy/login/signin' => '',
)
[ info ] [ RUN ] app\levy\controller\Login->signin[ D:\phpStudy\WWW\courses\application\levy\controller\Login.php ]
[ info ] [ DB ] INIT mysql
[ info ] [ LOG ] INIT File
[ error ] [8]未定义数组索引: username[D:\phpStudy\WWW\courses\application\levy\controller\Login.php:104]

---------------------------------------------------------------
[ 2018-06-30T15:52:20+08:00 ] 127.0.0.1 127.0.0.1 POST /levy/login/signin
[ log ] course.dj.com/levy/login/signin [运行时间：1.223536s][吞吐率：0.82req/s] [内存消耗：1,775.96kb] [文件加载：50]
[ info ] [ LANG ] D:\phpStudy\WWW\courses\thinkphp\lang\zh-cn.php
[ info ] [ ROUTE ] array (
  'type' => 'module',
  'module' => 
  array (
    0 => 'levy',
    1 => 'login',
    2 => 'signin',
  ),
)
[ info ] [ HEADER ] array (
  'connection' => 'close',
  'origin' => 'null',
  'content-length' => '88',
  'content-type' => 'application/x-www-form-urlencoded; charset=UTF-8',
  'accept-encoding' => 'gzip, deflate',
  'accept-language' => 'zh-CN,zh;q=0.8,zh-TW;q=0.7,zh-HK;q=0.5,en-US;q=0.3,en;q=0.2',
  'accept' => 'application/json, text/javascript, */*; q=0.01',
  'user-agent' => 'Mozilla/5.0 (Windows NT 10.0; Win64; x64; rv:61.0) Gecko/20100101 Firefox/61.0',
  'host' => 'course.dj.com',
)
[ info ] [ PARAM ] array (
  '/levy/login/signin' => '',
  'username' => 'wpx888',
  'password' => 'wpx888',
  'mobile' => '18899999999',
  'email' => '11000011@abc.com',
  'vercode' => '1111',
)
[ info ] [ RUN ] app\levy\controller\Login->signin[ D:\phpStudy\WWW\courses\application\levy\controller\Login.php ]
[ info ] [ DB ] INIT mysql
[ info ] [ LOG ] INIT File
[ sql ] [ DB ] CONNECT:[ UseTime:1.071541s ] mysql:dbname=course_work;host=localhost;charset=utf8
[ error ] [10501]SQLSTATE[42S02]: Base table or view not found: 1146 Table 'course_work.os_user' doesn't exist[D:\phpStudy\WWW\courses\thinkphp\library\think\db\Connection.php:399]

---------------------------------------------------------------
