[ 2019-03-19T11:50:40+08:00 ] 127.0.0.1 127.0.0.1 GET /
[ log ] px.print.com/ [运行时间：1.579540s][吞吐率：0.63req/s] [内存消耗：2,212.13kb] [文件加载：55]
[ info ] [ LANG ] D:\phpStudy\WWW\printings\thinkphp\lang\zh-cn.php
[ info ] [ ROUTE ] array (
  'type' => 'module',
  'module' => 
  array (
    0 => '',
    1 => NULL,
    2 => NULL,
  ),
)
[ info ] [ HEADER ] array (
  'accept-language' => 'zh-CN,zh;q=0.9',
  'accept-encoding' => 'gzip, deflate',
  'accept' => 'text/html,application/xhtml+xml,application/xml;q=0.9,image/webp,image/apng,*/*;q=0.8',
  'upgrade-insecure-requests' => '1',
  'user-agent' => 'Mozilla/5.0 (Windows NT 10.0; WOW64) AppleWebKit/537.36 (KHTML, like Gecko) Chrome/62.0.3202.75 Safari/537.36',
  'connection' => 'close',
  'host' => 'px.print.com',
)
[ info ] [ PARAM ] array (
)
[ info ] [ CACHE ] INIT File
[ info ] [ RUN ] app\index\controller\Index->index[ D:\phpStudy\WWW\printings\application\index\controller\Index.php ]
[ info ] [ DB ] INIT mysql
[ info ] [ VIEW ] ./themes/default/index\index.html [ array (
  0 => 'site_title',
  1 => 'seo_title',
  2 => 'seo_keyword',
  3 => 'seo_description',
  4 => 'site_copyright',
  5 => 'site_icp',
  6 => 'site_tongji',
  7 => 'nav',
  8 => 'slide',
  9 => 'banner01',
  10 => 'banner02',
  11 => 'banner03',
  12 => 'banner04',
  13 => 'banner05',
  14 => 'printnews_list',
  15 => 'printgroup_list',
  16 => 'printnews_left',
  17 => 'printgroup_right',
  18 => 'printcompany',
  19 => 'printculture_list',
) ]
[ info ] [ LOG ] INIT File
[ sql ] [ DB ] CONNECT:[ UseTime:1.013557s ] mysql:dbname=printings;host=localhost;charset=utf8
[ sql ] [ SQL ] SHOW COLUMNS FROM `os_slide` [ RunTime:0.149524s ]
[ sql ] [ SQL ] SELECT * FROM `os_slide` WHERE  `id` = 1 [ RunTime:0.001052s ]
[ sql ] [ SQL ] SELECT * FROM `os_slide` WHERE  `id` = 2 [ RunTime:0.000335s ]
[ sql ] [ SQL ] SELECT * FROM `os_slide` WHERE  `id` = 3 [ RunTime:0.000249s ]
[ sql ] [ SQL ] SELECT * FROM `os_slide` WHERE  `id` = 4 [ RunTime:0.000237s ]
[ sql ] [ SQL ] SELECT * FROM `os_slide` WHERE  `id` = 5 [ RunTime:0.000304s ]
[ sql ] [ SQL ] SHOW COLUMNS FROM `os_printnews` [ RunTime:0.015571s ]
[ sql ] [ SQL ] SELECT * FROM `os_printnews` ORDER BY id DESC LIMIT 5 [ RunTime:0.011068s ]
[ sql ] [ SQL ] SHOW COLUMNS FROM `os_printgroup` [ RunTime:0.015863s ]
[ sql ] [ SQL ] SELECT * FROM `os_printgroup` ORDER BY id DESC LIMIT 5 [ RunTime:0.016151s ]
[ sql ] [ SQL ] SELECT * FROM `os_printnews` ORDER BY id DESC LIMIT 3 [ RunTime:0.000442s ]
[ sql ] [ SQL ] SHOW COLUMNS FROM `os_printculture` [ RunTime:0.012889s ]
[ sql ] [ SQL ] SELECT * FROM `os_printculture` ORDER BY id DESC LIMIT 3 [ RunTime:0.000434s ]
[ sql ] [ SQL ] SHOW COLUMNS FROM `os_printcompany` [ RunTime:0.016789s ]
[ sql ] [ SQL ] SELECT `introduction` FROM `os_printcompany` WHERE  `id` = 1 LIMIT 1 [ RunTime:0.001164s ]
[ sql ] [ SQL ] SELECT * FROM `os_printculture` ORDER BY id DESC LIMIT 5 [ RunTime:0.000817s ]

---------------------------------------------------------------
[ 2019-03-19T11:50:54+08:00 ] 127.0.0.1 127.0.0.1 GET /admin
[ log ] px.print.com/admin [运行时间：0.136649s][吞吐率：7.32req/s] [内存消耗：1,250.38kb] [文件加载：44]
[ info ] [ LANG ] D:\phpStudy\WWW\printings\thinkphp\lang\zh-cn.php
[ info ] [ ROUTE ] array (
  'type' => 'module',
  'module' => 
  array (
    0 => 'admin',
    1 => NULL,
    2 => NULL,
  ),
)
[ info ] [ HEADER ] array (
  'cookie' => 'thinkphp_show_page_trace=0|0',
  'accept-language' => 'zh-CN,zh;q=0.9',
  'accept-encoding' => 'gzip, deflate',
  'accept' => 'text/html,application/xhtml+xml,application/xml;q=0.9,image/webp,image/apng,*/*;q=0.8',
  'upgrade-insecure-requests' => '1',
  'user-agent' => 'Mozilla/5.0 (Windows NT 10.0; WOW64) AppleWebKit/537.36 (KHTML, like Gecko) Chrome/62.0.3202.75 Safari/537.36',
  'connection' => 'close',
  'host' => 'px.print.com',
)
[ info ] [ PARAM ] array (
  '/admin' => '',
)
[ info ] [ SESSION ] INIT array (
  'id' => '',
  'var_session_id' => '',
  'prefix' => 'think',
  'type' => '',
  'auto_start' => true,
)
[ info ] [ LOG ] INIT File

---------------------------------------------------------------
[ 2019-03-19T11:50:54+08:00 ] 127.0.0.1 127.0.0.1 GET /admin/login/index.html
[ log ] px.print.com/admin/login/index.html [运行时间：0.043954s][吞吐率：22.75req/s] [内存消耗：1,410.72kb] [文件加载：47]
[ info ] [ LANG ] D:\phpStudy\WWW\printings\thinkphp\lang\zh-cn.php
[ info ] [ ROUTE ] array (
  'type' => 'module',
  'module' => 
  array (
    0 => 'admin',
    1 => 'login',
    2 => 'index',
  ),
)
[ info ] [ HEADER ] array (
  'cookie' => 'thinkphp_show_page_trace=0|0; PHPSESSID=9f5pcvo28a1tn2g7a57i2air63',
  'accept-language' => 'zh-CN,zh;q=0.9',
  'accept-encoding' => 'gzip, deflate',
  'accept' => 'text/html,application/xhtml+xml,application/xml;q=0.9,image/webp,image/apng,*/*;q=0.8',
  'upgrade-insecure-requests' => '1',
  'user-agent' => 'Mozilla/5.0 (Windows NT 10.0; WOW64) AppleWebKit/537.36 (KHTML, like Gecko) Chrome/62.0.3202.75 Safari/537.36',
  'connection' => 'close',
  'host' => 'px.print.com',
)
[ info ] [ PARAM ] array (
  '/admin/login/index_html' => '',
)
[ info ] [ RUN ] app\admin\controller\Login->index[ D:\phpStudy\WWW\printings\application\admin\controller\Login.php ]
[ info ] [ VIEW ] ./themes/admin/login\index.html [ array (
) ]
[ info ] [ LOG ] INIT File

---------------------------------------------------------------
[ 2019-03-19T11:50:54+08:00 ] 127.0.0.1 127.0.0.1 GET /favicon.ico
[ log ] px.print.com/favicon.ico [运行时间：0.094214s][吞吐率：10.61req/s] [内存消耗：1,064.50kb] [文件加载：38]
[ info ] [ LANG ] D:\phpStudy\WWW\printings\thinkphp\lang\zh-cn.php
[ info ] [ ROUTE ] array (
  'type' => 'module',
  'module' => 
  array (
    0 => 'favicon.ico',
    1 => NULL,
    2 => NULL,
  ),
)
[ info ] [ HEADER ] array (
  'cookie' => 'thinkphp_show_page_trace=0|0; PHPSESSID=9f5pcvo28a1tn2g7a57i2air63',
  'accept-language' => 'zh-CN,zh;q=0.9',
  'accept-encoding' => 'gzip, deflate',
  'referer' => 'http://px.print.com/admin/login/index.html',
  'accept' => 'image/webp,image/apng,image/*,*/*;q=0.8',
  'user-agent' => 'Mozilla/5.0 (Windows NT 10.0; WOW64) AppleWebKit/537.36 (KHTML, like Gecko) Chrome/62.0.3202.75 Safari/537.36',
  'connection' => 'close',
  'host' => 'px.print.com',
)
[ info ] [ PARAM ] array (
  '/favicon_ico' => '',
)
[ info ] [ LOG ] INIT File

---------------------------------------------------------------
[ 2019-03-19T11:51:00+08:00 ] 127.0.0.1 127.0.0.1 POST /admin/login/login.html
[ log ] px.print.com/admin/login/login.html [运行时间：1.112009s][吞吐率：0.90req/s] [内存消耗：1,741.83kb] [文件加载：49]
[ info ] [ LANG ] D:\phpStudy\WWW\printings\thinkphp\lang\zh-cn.php
[ info ] [ ROUTE ] array (
  'type' => 'module',
  'module' => 
  array (
    0 => 'admin',
    1 => 'login',
    2 => 'login',
  ),
)
[ info ] [ HEADER ] array (
  'cookie' => 'thinkphp_show_page_trace=0|0; thinkphp_show_page_trace=0|0; PHPSESSID=9f5pcvo28a1tn2g7a57i2air63',
  'accept-language' => 'zh-CN,zh;q=0.9',
  'accept-encoding' => 'gzip, deflate',
  'referer' => 'http://px.print.com/admin/login/index.html',
  'content-type' => 'application/x-www-form-urlencoded; charset=UTF-8',
  'user-agent' => 'Mozilla/5.0 (Windows NT 10.0; WOW64) AppleWebKit/537.36 (KHTML, like Gecko) Chrome/62.0.3202.75 Safari/537.36',
  'x-requested-with' => 'XMLHttpRequest',
  'origin' => 'http://px.print.com',
  'accept' => 'application/json, text/javascript, */*; q=0.01',
  'content-length' => '29',
  'connection' => 'close',
  'host' => 'px.print.com',
)
[ info ] [ PARAM ] array (
  '/admin/login/login_html' => '',
  'username' => 'admin',
  'password' => 'admin',
)
[ info ] [ RUN ] app\admin\controller\Login->login[ D:\phpStudy\WWW\printings\application\admin\controller\Login.php ]
[ info ] [ DB ] INIT mysql
[ info ] [ LOG ] INIT File
[ sql ] [ DB ] CONNECT:[ UseTime:1.003117s ] mysql:dbname=printings;host=localhost;charset=utf8
[ sql ] [ SQL ] SHOW COLUMNS FROM `os_admin_user` [ RunTime:0.015575s ]
[ sql ] [ SQL ] SELECT `id`,`username`,`status` FROM `os_admin_user` WHERE  `username` = 'admin'  AND `password` = '0dfc7612f607db6c17fd99388e9e5f9c' LIMIT 1 [ RunTime:0.000333s ]

---------------------------------------------------------------
[ 2019-03-19T11:51:11+08:00 ] 127.0.0.1 127.0.0.1 POST /admin/login/login.html
[ log ] px.print.com/admin/login/login.html [运行时间：1.179772s][吞吐率：0.85req/s] [内存消耗：1,803.40kb] [文件加载：53]
[ info ] [ LANG ] D:\phpStudy\WWW\printings\thinkphp\lang\zh-cn.php
[ info ] [ ROUTE ] array (
  'type' => 'module',
  'module' => 
  array (
    0 => 'admin',
    1 => 'login',
    2 => 'login',
  ),
)
[ info ] [ HEADER ] array (
  'cookie' => 'thinkphp_show_page_trace=0|0; thinkphp_show_page_trace=0|0; PHPSESSID=9f5pcvo28a1tn2g7a57i2air63',
  'accept-language' => 'zh-CN,zh;q=0.9',
  'accept-encoding' => 'gzip, deflate',
  'referer' => 'http://px.print.com/admin/login/index.html',
  'content-type' => 'application/x-www-form-urlencoded; charset=UTF-8',
  'user-agent' => 'Mozilla/5.0 (Windows NT 10.0; WOW64) AppleWebKit/537.36 (KHTML, like Gecko) Chrome/62.0.3202.75 Safari/537.36',
  'x-requested-with' => 'XMLHttpRequest',
  'origin' => 'http://px.print.com',
  'accept' => 'application/json, text/javascript, */*; q=0.01',
  'content-length' => '35',
  'connection' => 'close',
  'host' => 'px.print.com',
)
[ info ] [ PARAM ] array (
  '/admin/login/login_html' => '',
  'username' => 'admin',
  'password' => 'admin123456',
)
[ info ] [ RUN ] app\admin\controller\Login->login[ D:\phpStudy\WWW\printings\application\admin\controller\Login.php ]
[ info ] [ DB ] INIT mysql
[ info ] [ SESSION ] INIT array (
  'id' => '',
  'var_session_id' => '',
  'prefix' => 'think',
  'type' => '',
  'auto_start' => true,
)
[ info ] [ CACHE ] INIT File
[ info ] [ LOG ] INIT File
[ sql ] [ DB ] CONNECT:[ UseTime:1.003454s ] mysql:dbname=printings;host=localhost;charset=utf8
[ sql ] [ SQL ] SHOW COLUMNS FROM `os_admin_user` [ RunTime:0.027790s ]
[ sql ] [ SQL ] SELECT `id`,`username`,`status` FROM `os_admin_user` WHERE  `username` = 'admin'  AND `password` = '94f339dadd8cca1a36313e82b69b430a' LIMIT 1 [ RunTime:0.000439s ]
[ sql ] [ SQL ] UPDATE `os_admin_user`  SET `last_login_time`='2019-03-19 11:51:11',`last_login_ip`='127.0.0.1'  WHERE  `id` = 1 [ RunTime:0.101733s ]

---------------------------------------------------------------
[ 2019-03-19T11:51:13+08:00 ] 127.0.0.1 127.0.0.1 GET /admin/index/index.html
[ log ] px.print.com/admin/index/index.html [运行时间：1.154570s][吞吐率：0.87req/s] [内存消耗：2,107.41kb] [文件加载：54]
[ info ] [ LANG ] D:\phpStudy\WWW\printings\thinkphp\lang\zh-cn.php
[ info ] [ ROUTE ] array (
  'type' => 'module',
  'module' => 
  array (
    0 => 'admin',
    1 => 'index',
    2 => 'index',
  ),
)
[ info ] [ HEADER ] array (
  'cookie' => 'thinkphp_show_page_trace=0|0; PHPSESSID=9f5pcvo28a1tn2g7a57i2air63',
  'accept-language' => 'zh-CN,zh;q=0.9',
  'accept-encoding' => 'gzip, deflate',
  'referer' => 'http://px.print.com/admin/login/index.html',
  'accept' => 'text/html,application/xhtml+xml,application/xml;q=0.9,image/webp,image/apng,*/*;q=0.8',
  'user-agent' => 'Mozilla/5.0 (Windows NT 10.0; WOW64) AppleWebKit/537.36 (KHTML, like Gecko) Chrome/62.0.3202.75 Safari/537.36',
  'upgrade-insecure-requests' => '1',
  'connection' => 'close',
  'host' => 'px.print.com',
)
[ info ] [ PARAM ] array (
  '/admin/index/index_html' => '',
)
[ info ] [ SESSION ] INIT array (
  'id' => '',
  'var_session_id' => '',
  'prefix' => 'think',
  'type' => '',
  'auto_start' => true,
)
[ info ] [ DB ] INIT mysql
[ info ] [ RUN ] app\admin\controller\Index->index[ D:\phpStudy\WWW\printings\application\admin\controller\Index.php ]
[ info ] [ VIEW ] ./themes/admin/index\index.html [ array (
  0 => 'menu',
  1 => 'controller',
  2 => 'config',
) ]
[ info ] [ LOG ] INIT File
[ sql ] [ DB ] CONNECT:[ UseTime:1.003314s ] mysql:dbname=printings;host=localhost;charset=utf8
[ sql ] [ SQL ] SHOW COLUMNS FROM `os_auth_rule` [ RunTime:0.021718s ]
[ sql ] [ SQL ] SELECT * FROM `os_auth_rule` WHERE  `status` = 1 ORDER BY `sort`  DESC,`id`  ASC [ RunTime:0.018144s ]
[ sql ] [ SQL ] SHOW COLUMNS FROM `os_auth_group_access` [ RunTime:0.018562s ]
[ sql ] [ SQL ] SELECT `AuthGroupAccess`.`uid`,`AuthGroupAccess`.`group_id`,`AuthGroup`.`title`,`AuthGroup`.`rules` FROM `os_auth_group_access` `AuthGroupAccess` LEFT JOIN `os_auth_group` `AuthGroup` ON `AuthGroupAccess`.`group_id`=`AuthGroup`.`id` WHERE  (  AuthGroupAccess.uid='1' and AuthGroup.status='1' ) [ RunTime:0.000361s ]
[ sql ] [ SQL ] SELECT `condition`,`name` FROM `os_auth_rule` WHERE  `id` IN (1,2,3,73,74,5,6,7,8,9,10,11,12,39,40,41,42,43,14,13,20,21,22,23,24,15,25,26,27,28,29,30,16,17,44,45,46,47,48,18,49,50,51,52,53,19,31,32,33,34,35,36,37,54,55,58,59,60,61,62,56,63,64,65,66,67,57,68,69,70,71,72)  AND `type` = 1 [ RunTime:0.001200s ]
[ sql ] [ SQL ] SELECT VERSION() AS ver [ RunTime:0.012481s ]

---------------------------------------------------------------
[ 2019-03-19T11:51:24+08:00 ] 127.0.0.1 127.0.0.1 GET /admin/printnews/index.html
[ log ] px.print.com/admin/printnews/index.html [运行时间：1.228867s][吞吐率：0.81req/s] [内存消耗：2,411.65kb] [文件加载：60]
[ info ] [ LANG ] D:\phpStudy\WWW\printings\thinkphp\lang\zh-cn.php
[ info ] [ ROUTE ] array (
  'type' => 'module',
  'module' => 
  array (
    0 => 'admin',
    1 => 'printnews',
    2 => 'index',
  ),
)
[ info ] [ HEADER ] array (
  'cookie' => 'thinkphp_show_page_trace=0|0; PHPSESSID=9f5pcvo28a1tn2g7a57i2air63',
  'accept-language' => 'zh-CN,zh;q=0.9',
  'accept-encoding' => 'gzip, deflate',
  'referer' => 'http://px.print.com/admin/index/index.html',
  'accept' => 'text/html,application/xhtml+xml,application/xml;q=0.9,image/webp,image/apng,*/*;q=0.8',
  'user-agent' => 'Mozilla/5.0 (Windows NT 10.0; WOW64) AppleWebKit/537.36 (KHTML, like Gecko) Chrome/62.0.3202.75 Safari/537.36',
  'upgrade-insecure-requests' => '1',
  'connection' => 'close',
  'host' => 'px.print.com',
)
[ info ] [ PARAM ] array (
  '/admin/printnews/index_html' => '',
)
[ info ] [ SESSION ] INIT array (
  'id' => '',
  'var_session_id' => '',
  'prefix' => 'think',
  'type' => '',
  'auto_start' => true,
)
[ info ] [ DB ] INIT mysql
[ info ] [ RUN ] app\admin\controller\Printnews->index[ D:\phpStudy\WWW\printings\application\admin\controller\Printnews.php ]
[ info ] [ VIEW ] ./themes/admin/printnews\index.html [ array (
  0 => 'menu',
  1 => 'controller',
  2 => 'category_level_list',
  3 => 'printnews_list',
  4 => 'category_list',
  5 => 'cid',
  6 => 'keyword',
) ]
[ info ] [ LOG ] INIT File
[ sql ] [ DB ] CONNECT:[ UseTime:1.008701s ] mysql:dbname=printings;host=localhost;charset=utf8
[ sql ] [ SQL ] SHOW COLUMNS FROM `os_auth_group_access` [ RunTime:0.017218s ]
[ sql ] [ SQL ] SELECT `AuthGroupAccess`.`uid`,`AuthGroupAccess`.`group_id`,`AuthGroup`.`title`,`AuthGroup`.`rules` FROM `os_auth_group_access` `AuthGroupAccess` LEFT JOIN `os_auth_group` `AuthGroup` ON `AuthGroupAccess`.`group_id`=`AuthGroup`.`id` WHERE  (  AuthGroupAccess.uid='1' and AuthGroup.status='1' ) [ RunTime:0.000302s ]
[ sql ] [ SQL ] SHOW COLUMNS FROM `os_auth_rule` [ RunTime:0.019521s ]
[ sql ] [ SQL ] SELECT `condition`,`name` FROM `os_auth_rule` WHERE  `id` IN (1,2,3,73,74,5,6,7,8,9,10,11,12,39,40,41,42,43,14,13,20,21,22,23,24,15,25,26,27,28,29,30,16,17,44,45,46,47,48,18,49,50,51,52,53,19,31,32,33,34,35,36,37,54,55,58,59,60,61,62,56,63,64,65,66,67,57,68,69,70,71,72)  AND `type` = 1 [ RunTime:0.000715s ]
[ sql ] [ SQL ] SELECT * FROM `os_auth_rule` WHERE  `status` = 1 ORDER BY `sort`  DESC,`id`  ASC [ RunTime:0.000391s ]
[ sql ] [ SQL ] SHOW COLUMNS FROM `os_category` [ RunTime:0.017727s ]
[ sql ] [ SQL ] SELECT * FROM `os_category` ORDER BY `sort`  DESC [ RunTime:0.000574s ]
[ sql ] [ SQL ] SHOW COLUMNS FROM `os_printnews` [ RunTime:0.021874s ]
[ sql ] [ SQL ] SELECT COUNT(*) AS tp_count FROM `os_printnews` LIMIT 1 [ RunTime:0.011531s ]
[ sql ] [ SQL ] SELECT `id`,`title`,`cid`,`author`,`reading`,`status`,`publish_time`,`update_time`,`sort` FROM `os_printnews` ORDER BY `publish_time`  DESC LIMIT 0,15 [ RunTime:0.001158s ]
[ sql ] [ SQL ] SELECT `id`,`name` FROM `os_category` [ RunTime:0.000284s ]

---------------------------------------------------------------
[ 2019-03-19T11:51:33+08:00 ] 127.0.0.1 127.0.0.1 GET /admin/printgroup/index.html
[ log ] px.print.com/admin/printgroup/index.html [运行时间：1.173254s][吞吐率：0.85req/s] [内存消耗：2,398.66kb] [文件加载：60]
[ info ] [ LANG ] D:\phpStudy\WWW\printings\thinkphp\lang\zh-cn.php
[ info ] [ ROUTE ] array (
  'type' => 'module',
  'module' => 
  array (
    0 => 'admin',
    1 => 'printgroup',
    2 => 'index',
  ),
)
[ info ] [ HEADER ] array (
  'cookie' => 'thinkphp_show_page_trace=0|0; PHPSESSID=9f5pcvo28a1tn2g7a57i2air63',
  'accept-language' => 'zh-CN,zh;q=0.9',
  'accept-encoding' => 'gzip, deflate',
  'referer' => 'http://px.print.com/admin/printnews/index.html',
  'accept' => 'text/html,application/xhtml+xml,application/xml;q=0.9,image/webp,image/apng,*/*;q=0.8',
  'user-agent' => 'Mozilla/5.0 (Windows NT 10.0; WOW64) AppleWebKit/537.36 (KHTML, like Gecko) Chrome/62.0.3202.75 Safari/537.36',
  'upgrade-insecure-requests' => '1',
  'connection' => 'close',
  'host' => 'px.print.com',
)
[ info ] [ PARAM ] array (
  '/admin/printgroup/index_html' => '',
)
[ info ] [ SESSION ] INIT array (
  'id' => '',
  'var_session_id' => '',
  'prefix' => 'think',
  'type' => '',
  'auto_start' => true,
)
[ info ] [ DB ] INIT mysql
[ info ] [ RUN ] app\admin\controller\Printgroup->index[ D:\phpStudy\WWW\printings\application\admin\controller\Printgroup.php ]
[ info ] [ VIEW ] ./themes/admin/printgroup\index.html [ array (
  0 => 'menu',
  1 => 'controller',
  2 => 'category_level_list',
  3 => 'printgroup_list',
  4 => 'category_list',
  5 => 'cid',
  6 => 'keyword',
) ]
[ info ] [ LOG ] INIT File
[ sql ] [ DB ] CONNECT:[ UseTime:1.004513s ] mysql:dbname=printings;host=localhost;charset=utf8
[ sql ] [ SQL ] SHOW COLUMNS FROM `os_auth_group_access` [ RunTime:0.018020s ]
[ sql ] [ SQL ] SELECT `AuthGroupAccess`.`uid`,`AuthGroupAccess`.`group_id`,`AuthGroup`.`title`,`AuthGroup`.`rules` FROM `os_auth_group_access` `AuthGroupAccess` LEFT JOIN `os_auth_group` `AuthGroup` ON `AuthGroupAccess`.`group_id`=`AuthGroup`.`id` WHERE  (  AuthGroupAccess.uid='1' and AuthGroup.status='1' ) [ RunTime:0.000380s ]
[ sql ] [ SQL ] SHOW COLUMNS FROM `os_auth_rule` [ RunTime:0.017284s ]
[ sql ] [ SQL ] SELECT `condition`,`name` FROM `os_auth_rule` WHERE  `id` IN (1,2,3,73,74,5,6,7,8,9,10,11,12,39,40,41,42,43,14,13,20,21,22,23,24,15,25,26,27,28,29,30,16,17,44,45,46,47,48,18,49,50,51,52,53,19,31,32,33,34,35,36,37,54,55,58,59,60,61,62,56,63,64,65,66,67,57,68,69,70,71,72)  AND `type` = 1 [ RunTime:0.000771s ]
[ sql ] [ SQL ] SELECT * FROM `os_auth_rule` WHERE  `status` = 1 ORDER BY `sort`  DESC,`id`  ASC [ RunTime:0.000502s ]
[ sql ] [ SQL ] SHOW COLUMNS FROM `os_category` [ RunTime:0.016513s ]
[ sql ] [ SQL ] SELECT * FROM `os_category` ORDER BY `sort`  DESC [ RunTime:0.000389s ]
[ sql ] [ SQL ] SHOW COLUMNS FROM `os_printgroup` [ RunTime:0.017885s ]
[ sql ] [ SQL ] SELECT COUNT(*) AS tp_count FROM `os_printgroup` LIMIT 1 [ RunTime:0.000405s ]
[ sql ] [ SQL ] SELECT `id`,`title`,`cid`,`author`,`reading`,`status`,`publish_time`,`update_time`,`sort` FROM `os_printgroup` ORDER BY `publish_time`  DESC LIMIT 0,15 [ RunTime:0.000388s ]
[ sql ] [ SQL ] SELECT `id`,`name` FROM `os_category` [ RunTime:0.000261s ]

---------------------------------------------------------------
[ 2019-03-19T11:51:37+08:00 ] 127.0.0.1 127.0.0.1 GET /admin/printgroup/edit/id/13.html
[ log ] px.print.com/admin/printgroup/edit/id/13.html [运行时间：1.341901s][吞吐率：0.75req/s] [内存消耗：2,359.60kb] [文件加载：57]
[ info ] [ LANG ] D:\phpStudy\WWW\printings\thinkphp\lang\zh-cn.php
[ info ] [ ROUTE ] array (
  'type' => 'module',
  'module' => 
  array (
    0 => 'admin',
    1 => 'printgroup',
    2 => 'edit',
  ),
)
[ info ] [ HEADER ] array (
  'cookie' => 'thinkphp_show_page_trace=0|0; thinkphp_show_page_trace=0|0; PHPSESSID=9f5pcvo28a1tn2g7a57i2air63',
  'accept-language' => 'zh-CN,zh;q=0.9',
  'accept-encoding' => 'gzip, deflate',
  'referer' => 'http://px.print.com/admin/printgroup/index.html',
  'accept' => 'text/html,application/xhtml+xml,application/xml;q=0.9,image/webp,image/apng,*/*;q=0.8',
  'user-agent' => 'Mozilla/5.0 (Windows NT 10.0; WOW64) AppleWebKit/537.36 (KHTML, like Gecko) Chrome/62.0.3202.75 Safari/537.36',
  'upgrade-insecure-requests' => '1',
  'connection' => 'close',
  'host' => 'px.print.com',
)
[ info ] [ PARAM ] array (
  '/admin/printgroup/edit/id/13_html' => '',
  'id' => '13',
)
[ info ] [ SESSION ] INIT array (
  'id' => '',
  'var_session_id' => '',
  'prefix' => 'think',
  'type' => '',
  'auto_start' => true,
)
[ info ] [ DB ] INIT mysql
[ info ] [ RUN ] app\admin\controller\Printgroup->edit[ D:\phpStudy\WWW\printings\application\admin\controller\Printgroup.php ]
[ info ] [ VIEW ] ./themes/admin/printgroup\edit.html [ array (
  0 => 'menu',
  1 => 'controller',
  2 => 'category_level_list',
  3 => 'printgroup',
) ]
[ info ] [ LOG ] INIT File
[ sql ] [ DB ] CONNECT:[ UseTime:1.003400s ] mysql:dbname=printings;host=localhost;charset=utf8
[ sql ] [ SQL ] SHOW COLUMNS FROM `os_auth_group_access` [ RunTime:0.091435s ]
[ sql ] [ SQL ] SELECT `AuthGroupAccess`.`uid`,`AuthGroupAccess`.`group_id`,`AuthGroup`.`title`,`AuthGroup`.`rules` FROM `os_auth_group_access` `AuthGroupAccess` LEFT JOIN `os_auth_group` `AuthGroup` ON `AuthGroupAccess`.`group_id`=`AuthGroup`.`id` WHERE  (  AuthGroupAccess.uid='1' and AuthGroup.status='1' ) [ RunTime:0.000676s ]
[ sql ] [ SQL ] SHOW COLUMNS FROM `os_auth_rule` [ RunTime:0.016197s ]
[ sql ] [ SQL ] SELECT `condition`,`name` FROM `os_auth_rule` WHERE  `id` IN (1,2,3,73,74,5,6,7,8,9,10,11,12,39,40,41,42,43,14,13,20,21,22,23,24,15,25,26,27,28,29,30,16,17,44,45,46,47,48,18,49,50,51,52,53,19,31,32,33,34,35,36,37,54,55,58,59,60,61,62,56,63,64,65,66,67,57,68,69,70,71,72)  AND `type` = 1 [ RunTime:0.000634s ]
[ sql ] [ SQL ] SELECT * FROM `os_auth_rule` WHERE  `status` = 1 ORDER BY `sort`  DESC,`id`  ASC [ RunTime:0.000463s ]
[ sql ] [ SQL ] SHOW COLUMNS FROM `os_category` [ RunTime:0.016913s ]
[ sql ] [ SQL ] SELECT * FROM `os_category` ORDER BY `sort`  DESC [ RunTime:0.000328s ]
[ sql ] [ SQL ] SHOW COLUMNS FROM `os_printgroup` [ RunTime:0.018371s ]
[ sql ] [ SQL ] SELECT * FROM `os_printgroup` WHERE  `id` = 13 LIMIT 1 [ RunTime:0.001460s ]

---------------------------------------------------------------
[ 2019-03-19T11:51:37+08:00 ] 127.0.0.1 127.0.0.1 GET /api/ueditor/index?action=config&&noCache=1552967497458
[ log ] px.print.com/api/ueditor/index?action=config&&noCache=1552967497458 [运行时间：0.085535s][吞吐率：11.69req/s] [内存消耗：1,217.26kb] [文件加载：40]
[ info ] [ LANG ] D:\phpStudy\WWW\printings\thinkphp\lang\zh-cn.php
[ info ] [ ROUTE ] array (
  'type' => 'module',
  'module' => 
  array (
    0 => 'api',
    1 => 'ueditor',
    2 => 'index',
  ),
)
[ info ] [ HEADER ] array (
  'cookie' => 'thinkphp_show_page_trace=0|0; PHPSESSID=9f5pcvo28a1tn2g7a57i2air63',
  'accept-language' => 'zh-CN,zh;q=0.9',
  'accept-encoding' => 'gzip, deflate',
  'referer' => 'http://px.print.com/admin/printgroup/edit/id/13.html',
  'accept' => '*/*',
  'user-agent' => 'Mozilla/5.0 (Windows NT 10.0; WOW64) AppleWebKit/537.36 (KHTML, like Gecko) Chrome/62.0.3202.75 Safari/537.36',
  'connection' => 'close',
  'host' => 'px.print.com',
)
[ info ] [ PARAM ] array (
  '/api/ueditor/index' => '',
  'action' => 'config',
  'noCache' => '1552967497458',
)
[ info ] [ SESSION ] INIT array (
  'id' => '',
  'var_session_id' => '',
  'prefix' => 'think',
  'type' => '',
  'auto_start' => true,
)
[ info ] [ RUN ] app\api\controller\Ueditor->index[ D:\phpStudy\WWW\printings\application\api\controller\Ueditor.php ]
[ info ] [ LOG ] INIT File

---------------------------------------------------------------
[ 2019-03-19T11:51:37+08:00 ] 127.0.0.1 127.0.0.1 GET /api/ueditor/index?action=config&&noCache=1552967497458
[ log ] px.print.com/api/ueditor/index?action=config&&noCache=1552967497458 [运行时间：0.021217s][吞吐率：47.13req/s] [内存消耗：1,217.26kb] [文件加载：40]
[ info ] [ LANG ] D:\phpStudy\WWW\printings\thinkphp\lang\zh-cn.php
[ info ] [ ROUTE ] array (
  'type' => 'module',
  'module' => 
  array (
    0 => 'api',
    1 => 'ueditor',
    2 => 'index',
  ),
)
[ info ] [ HEADER ] array (
  'cookie' => 'thinkphp_show_page_trace=0|0; PHPSESSID=9f5pcvo28a1tn2g7a57i2air63',
  'accept-language' => 'zh-CN,zh;q=0.9',
  'accept-encoding' => 'gzip, deflate',
  'referer' => 'http://px.print.com/admin/printgroup/edit/id/13.html',
  'accept' => '*/*',
  'user-agent' => 'Mozilla/5.0 (Windows NT 10.0; WOW64) AppleWebKit/537.36 (KHTML, like Gecko) Chrome/62.0.3202.75 Safari/537.36',
  'connection' => 'close',
  'host' => 'px.print.com',
)
[ info ] [ PARAM ] array (
  '/api/ueditor/index' => '',
  'action' => 'config',
  'noCache' => '1552967497458',
)
[ info ] [ SESSION ] INIT array (
  'id' => '',
  'var_session_id' => '',
  'prefix' => 'think',
  'type' => '',
  'auto_start' => true,
)
[ info ] [ RUN ] app\api\controller\Ueditor->index[ D:\phpStudy\WWW\printings\application\api\controller\Ueditor.php ]
[ info ] [ LOG ] INIT File

---------------------------------------------------------------
[ 2019-03-19T11:54:44+08:00 ] 127.0.0.1 127.0.0.1 GET /
[ log ] px.print.com/ [运行时间：1.156939s][吞吐率：0.86req/s] [内存消耗：1,992.58kb] [文件加载：53]
[ info ] [ LANG ] D:\phpStudy\WWW\printings\thinkphp\lang\zh-cn.php
[ info ] [ ROUTE ] array (
  'type' => 'module',
  'module' => 
  array (
    0 => '',
    1 => NULL,
    2 => NULL,
  ),
)
[ info ] [ HEADER ] array (
  'cookie' => 'thinkphp_show_page_trace=0|0; PHPSESSID=9f5pcvo28a1tn2g7a57i2air63',
  'accept-language' => 'zh-CN,zh;q=0.9',
  'accept-encoding' => 'gzip, deflate',
  'accept' => 'text/html,application/xhtml+xml,application/xml;q=0.9,image/webp,image/apng,*/*;q=0.8',
  'upgrade-insecure-requests' => '1',
  'user-agent' => 'Mozilla/5.0 (Windows NT 10.0; WOW64) AppleWebKit/537.36 (KHTML, like Gecko) Chrome/62.0.3202.75 Safari/537.36',
  'connection' => 'close',
  'host' => 'px.print.com',
)
[ info ] [ PARAM ] array (
)
[ info ] [ CACHE ] INIT File
[ info ] [ RUN ] app\index\controller\Index->index[ D:\phpStudy\WWW\printings\application\index\controller\Index.php ]
[ info ] [ DB ] INIT mysql
[ info ] [ VIEW ] ./themes/default/index\index.html [ array (
  0 => 'site_title',
  1 => 'seo_title',
  2 => 'seo_keyword',
  3 => 'seo_description',
  4 => 'site_copyright',
  5 => 'site_icp',
  6 => 'site_tongji',
  7 => 'nav',
  8 => 'slide',
  9 => 'banner01',
  10 => 'banner02',
  11 => 'banner03',
  12 => 'banner04',
  13 => 'banner05',
  14 => 'printnews_list',
  15 => 'printgroup_list',
  16 => 'printnews_left',
  17 => 'printgroup_right',
  18 => 'printcompany',
  19 => 'printculture_list',
) ]
[ info ] [ LOG ] INIT File
[ sql ] [ DB ] CONNECT:[ UseTime:1.013895s ] mysql:dbname=printings;host=localhost;charset=utf8
[ sql ] [ SQL ] SHOW COLUMNS FROM `os_slide` [ RunTime:0.012835s ]
[ sql ] [ SQL ] SELECT * FROM `os_slide` WHERE  `id` = 1 [ RunTime:0.000527s ]
[ sql ] [ SQL ] SELECT * FROM `os_slide` WHERE  `id` = 2 [ RunTime:0.000355s ]
[ sql ] [ SQL ] SELECT * FROM `os_slide` WHERE  `id` = 3 [ RunTime:0.000528s ]
[ sql ] [ SQL ] SELECT * FROM `os_slide` WHERE  `id` = 4 [ RunTime:0.001560s ]
[ sql ] [ SQL ] SELECT * FROM `os_slide` WHERE  `id` = 5 [ RunTime:0.000355s ]
[ sql ] [ SQL ] SHOW COLUMNS FROM `os_printnews` [ RunTime:0.016455s ]
[ sql ] [ SQL ] SELECT * FROM `os_printnews` ORDER BY id DESC LIMIT 5 [ RunTime:0.000430s ]
[ sql ] [ SQL ] SHOW COLUMNS FROM `os_printgroup` [ RunTime:0.016107s ]
[ sql ] [ SQL ] SELECT * FROM `os_printgroup` ORDER BY id DESC LIMIT 5 [ RunTime:0.000434s ]
[ sql ] [ SQL ] SELECT * FROM `os_printnews` ORDER BY id DESC LIMIT 3 [ RunTime:0.000359s ]
[ sql ] [ SQL ] SHOW COLUMNS FROM `os_printculture` [ RunTime:0.015770s ]
[ sql ] [ SQL ] SELECT * FROM `os_printculture` ORDER BY id DESC LIMIT 3 [ RunTime:0.000407s ]
[ sql ] [ SQL ] SHOW COLUMNS FROM `os_printcompany` [ RunTime:0.016477s ]
[ sql ] [ SQL ] SELECT `introduction` FROM `os_printcompany` WHERE  `id` = 1 LIMIT 1 [ RunTime:0.000258s ]
[ sql ] [ SQL ] SELECT * FROM `os_printculture` ORDER BY id DESC LIMIT 5 [ RunTime:0.000265s ]

---------------------------------------------------------------
[ 2019-03-19T11:54:57+08:00 ] 127.0.0.1 127.0.0.1 GET /index/index/newslist.html
[ log ] px.print.com/index/index/newslist.html [运行时间：1.145290s][吞吐率：0.87req/s] [内存消耗：2,145.22kb] [文件加载：55]
[ info ] [ LANG ] D:\phpStudy\WWW\printings\thinkphp\lang\zh-cn.php
[ info ] [ ROUTE ] array (
  'type' => 'module',
  'module' => 
  array (
    0 => 'index',
    1 => 'index',
    2 => 'newslist',
  ),
)
[ info ] [ HEADER ] array (
  'cookie' => 'PHPSESSID=9f5pcvo28a1tn2g7a57i2air63; thinkphp_show_page_trace=0|0',
  'accept-language' => 'zh-CN,zh;q=0.9',
  'accept-encoding' => 'gzip, deflate',
  'referer' => 'http://px.print.com/',
  'accept' => 'text/html,application/xhtml+xml,application/xml;q=0.9,image/webp,image/apng,*/*;q=0.8',
  'user-agent' => 'Mozilla/5.0 (Windows NT 10.0; WOW64) AppleWebKit/537.36 (KHTML, like Gecko) Chrome/62.0.3202.75 Safari/537.36',
  'upgrade-insecure-requests' => '1',
  'connection' => 'close',
  'host' => 'px.print.com',
)
[ info ] [ PARAM ] array (
  '/index/index/newslist_html' => '',
)
[ info ] [ CACHE ] INIT File
[ info ] [ RUN ] app\index\controller\Index->newslist[ D:\phpStudy\WWW\printings\application\index\controller\Index.php ]
[ info ] [ DB ] INIT mysql
[ info ] [ VIEW ] ./themes/default/index\newslist.html [ array (
  0 => 'site_title',
  1 => 'seo_title',
  2 => 'seo_keyword',
  3 => 'seo_description',
  4 => 'site_copyright',
  5 => 'site_icp',
  6 => 'site_tongji',
  7 => 'nav',
  8 => 'slide',
  9 => 'banner01',
  10 => 'banner02',
  11 => 'banner03',
  12 => 'banner04',
  13 => 'banner05',
  14 => 'printnews_list',
) ]
[ info ] [ LOG ] INIT File
[ sql ] [ DB ] CONNECT:[ UseTime:1.013701s ] mysql:dbname=printings;host=localhost;charset=utf8
[ sql ] [ SQL ] SHOW COLUMNS FROM `os_slide` [ RunTime:0.016739s ]
[ sql ] [ SQL ] SELECT * FROM `os_slide` WHERE  `id` = 1 [ RunTime:0.000435s ]
[ sql ] [ SQL ] SELECT * FROM `os_slide` WHERE  `id` = 2 [ RunTime:0.000309s ]
[ sql ] [ SQL ] SELECT * FROM `os_slide` WHERE  `id` = 3 [ RunTime:0.000293s ]
[ sql ] [ SQL ] SELECT * FROM `os_slide` WHERE  `id` = 4 [ RunTime:0.000294s ]
[ sql ] [ SQL ] SELECT * FROM `os_slide` WHERE  `id` = 5 [ RunTime:0.000259s ]
[ sql ] [ SQL ] SHOW COLUMNS FROM `os_printnews` [ RunTime:0.014623s ]
[ sql ] [ SQL ] SELECT * FROM `os_printnews` ORDER BY id DESC LIMIT 20 [ RunTime:0.000509s ]

---------------------------------------------------------------
[ 2019-03-19T13:16:43+08:00 ] 127.0.0.1 127.0.0.1 GET /levy/csupload/index
[ log ] px.print.com/levy/csupload/index [运行时间：1.162709s][吞吐率：0.86req/s] [内存消耗：1,762.55kb] [文件加载：53]
[ info ] [ LANG ] D:\phpStudy\WWW\printings\thinkphp\lang\zh-cn.php
[ info ] [ ROUTE ] array (
  'type' => 'module',
  'module' => 
  array (
    0 => 'levy',
    1 => 'csupload',
    2 => 'index',
  ),
)
[ info ] [ HEADER ] array (
  'cookie' => 'PHPSESSID=9f5pcvo28a1tn2g7a57i2air63; thinkphp_show_page_trace=0|0',
  'accept-language' => 'zh-CN,zh;q=0.9',
  'accept-encoding' => 'gzip, deflate',
  'accept' => 'text/html,application/xhtml+xml,application/xml;q=0.9,image/webp,image/apng,*/*;q=0.8',
  'upgrade-insecure-requests' => '1',
  'user-agent' => 'Mozilla/5.0 (Windows NT 10.0; WOW64) AppleWebKit/537.36 (KHTML, like Gecko) Chrome/62.0.3202.75 Safari/537.36',
  'connection' => 'close',
  'host' => 'px.print.com',
)
[ info ] [ PARAM ] array (
  '/levy/csupload/index' => '',
)
[ info ] [ DB ] INIT mysql
[ info ] [ LOG ] INIT File
[ sql ] [ DB ] CONNECT:[ UseTime:1.020668s ] mysql:dbname=printings;host=localhost;charset=utf8
[ sql ] [ SQL ] SHOW COLUMNS FROM `os_user` [ RunTime:0.025425s ]
[ error ] [10501]SQLSTATE[42S22]: Column not found: 1054 Unknown column 'time_out' in 'field list'[D:\phpStudy\WWW\printings\thinkphp\library\think\db\Connection.php:399]

---------------------------------------------------------------
[ 2019-03-19T13:39:14+08:00 ] 127.0.0.1 127.0.0.1 GET /
[ log ] px.print.com/ [运行时间：1.185509s][吞吐率：0.84req/s] [内存消耗：1,992.58kb] [文件加载：53]
[ info ] [ LANG ] D:\phpStudy\WWW\printings\thinkphp\lang\zh-cn.php
[ info ] [ ROUTE ] array (
  'type' => 'module',
  'module' => 
  array (
    0 => '',
    1 => NULL,
    2 => NULL,
  ),
)
[ info ] [ HEADER ] array (
  'cookie' => 'PHPSESSID=9f5pcvo28a1tn2g7a57i2air63; thinkphp_show_page_trace=0|0',
  'accept-language' => 'zh-CN,zh;q=0.9',
  'accept-encoding' => 'gzip, deflate',
  'accept' => 'text/html,application/xhtml+xml,application/xml;q=0.9,image/webp,image/apng,*/*;q=0.8',
  'upgrade-insecure-requests' => '1',
  'user-agent' => 'Mozilla/5.0 (Windows NT 10.0; WOW64) AppleWebKit/537.36 (KHTML, like Gecko) Chrome/62.0.3202.75 Safari/537.36',
  'connection' => 'close',
  'host' => 'px.print.com',
)
[ info ] [ PARAM ] array (
)
[ info ] [ CACHE ] INIT File
[ info ] [ RUN ] app\index\controller\Index->index[ D:\phpStudy\WWW\printings\application\index\controller\Index.php ]
[ info ] [ DB ] INIT mysql
[ info ] [ VIEW ] ./themes/default/index\index.html [ array (
  0 => 'site_title',
  1 => 'seo_title',
  2 => 'seo_keyword',
  3 => 'seo_description',
  4 => 'site_copyright',
  5 => 'site_icp',
  6 => 'site_tongji',
  7 => 'nav',
  8 => 'slide',
  9 => 'banner01',
  10 => 'banner02',
  11 => 'banner03',
  12 => 'banner04',
  13 => 'banner05',
  14 => 'printnews_list',
  15 => 'printgroup_list',
  16 => 'printnews_left',
  17 => 'printgroup_right',
  18 => 'printcompany',
  19 => 'printculture_list',
) ]
[ info ] [ LOG ] INIT File
[ sql ] [ DB ] CONNECT:[ UseTime:1.012736s ] mysql:dbname=printings;host=localhost;charset=utf8
[ sql ] [ SQL ] SHOW COLUMNS FROM `os_slide` [ RunTime:0.018643s ]
[ sql ] [ SQL ] SELECT * FROM `os_slide` WHERE  `id` = 1 [ RunTime:0.000531s ]
[ sql ] [ SQL ] SELECT * FROM `os_slide` WHERE  `id` = 2 [ RunTime:0.000326s ]
[ sql ] [ SQL ] SELECT * FROM `os_slide` WHERE  `id` = 3 [ RunTime:0.000327s ]
[ sql ] [ SQL ] SELECT * FROM `os_slide` WHERE  `id` = 4 [ RunTime:0.000349s ]
[ sql ] [ SQL ] SELECT * FROM `os_slide` WHERE  `id` = 5 [ RunTime:0.000311s ]
[ sql ] [ SQL ] SHOW COLUMNS FROM `os_printnews` [ RunTime:0.027761s ]
[ sql ] [ SQL ] SELECT * FROM `os_printnews` ORDER BY id DESC LIMIT 5 [ RunTime:0.001040s ]
[ sql ] [ SQL ] SHOW COLUMNS FROM `os_printgroup` [ RunTime:0.017968s ]
[ sql ] [ SQL ] SELECT * FROM `os_printgroup` ORDER BY id DESC LIMIT 5 [ RunTime:0.000604s ]
[ sql ] [ SQL ] SELECT * FROM `os_printnews` ORDER BY id DESC LIMIT 3 [ RunTime:0.000323s ]
[ sql ] [ SQL ] SHOW COLUMNS FROM `os_printculture` [ RunTime:0.015922s ]
[ sql ] [ SQL ] SELECT * FROM `os_printculture` ORDER BY id DESC LIMIT 3 [ RunTime:0.000448s ]
[ sql ] [ SQL ] SHOW COLUMNS FROM `os_printcompany` [ RunTime:0.018738s ]
[ sql ] [ SQL ] SELECT `introduction` FROM `os_printcompany` WHERE  `id` = 1 LIMIT 1 [ RunTime:0.000303s ]
[ sql ] [ SQL ] SELECT * FROM `os_printculture` ORDER BY id DESC LIMIT 5 [ RunTime:0.000223s ]

---------------------------------------------------------------
[ 2019-03-19T13:39:18+08:00 ] 127.0.0.1 127.0.0.1 GET /admin
[ log ] px.print.com/admin [运行时间：1.088016s][吞吐率：0.92req/s] [内存消耗：1,908.05kb] [文件加载：52]
[ info ] [ LANG ] D:\phpStudy\WWW\printings\thinkphp\lang\zh-cn.php
[ info ] [ ROUTE ] array (
  'type' => 'module',
  'module' => 
  array (
    0 => 'admin',
    1 => NULL,
    2 => NULL,
  ),
)
[ info ] [ HEADER ] array (
  'cookie' => 'PHPSESSID=9f5pcvo28a1tn2g7a57i2air63; thinkphp_show_page_trace=0|0',
  'accept-language' => 'zh-CN,zh;q=0.9',
  'accept-encoding' => 'gzip, deflate',
  'accept' => 'text/html,application/xhtml+xml,application/xml;q=0.9,image/webp,image/apng,*/*;q=0.8',
  'upgrade-insecure-requests' => '1',
  'user-agent' => 'Mozilla/5.0 (Windows NT 10.0; WOW64) AppleWebKit/537.36 (KHTML, like Gecko) Chrome/62.0.3202.75 Safari/537.36',
  'connection' => 'close',
  'host' => 'px.print.com',
)
[ info ] [ PARAM ] array (
  '/admin' => '',
)
[ info ] [ SESSION ] INIT array (
  'id' => '',
  'var_session_id' => '',
  'prefix' => 'think',
  'type' => '',
  'auto_start' => true,
)
[ info ] [ DB ] INIT mysql
[ info ] [ RUN ] app\admin\controller\Index->index[ D:\phpStudy\WWW\printings\application\admin\controller\Index.php ]
[ info ] [ VIEW ] ./themes/admin/index\index.html [ array (
  0 => 'menu',
  1 => 'controller',
  2 => 'config',
) ]
[ info ] [ LOG ] INIT File
[ sql ] [ DB ] CONNECT:[ UseTime:1.002217s ] mysql:dbname=printings;host=localhost;charset=utf8
[ sql ] [ SQL ] SHOW COLUMNS FROM `os_auth_rule` [ RunTime:0.021074s ]
[ sql ] [ SQL ] SELECT * FROM `os_auth_rule` WHERE  `status` = 1 ORDER BY `sort`  DESC,`id`  ASC [ RunTime:0.000988s ]
[ sql ] [ SQL ] SHOW COLUMNS FROM `os_auth_group_access` [ RunTime:0.020643s ]
[ sql ] [ SQL ] SELECT `AuthGroupAccess`.`uid`,`AuthGroupAccess`.`group_id`,`AuthGroup`.`title`,`AuthGroup`.`rules` FROM `os_auth_group_access` `AuthGroupAccess` LEFT JOIN `os_auth_group` `AuthGroup` ON `AuthGroupAccess`.`group_id`=`AuthGroup`.`id` WHERE  (  AuthGroupAccess.uid='1' and AuthGroup.status='1' ) [ RunTime:0.001159s ]
[ sql ] [ SQL ] SELECT `condition`,`name` FROM `os_auth_rule` WHERE  `id` IN (1,2,3,73,74,5,6,7,8,9,10,11,12,39,40,41,42,43,14,13,20,21,22,23,24,15,25,26,27,28,29,30,16,17,44,45,46,47,48,18,49,50,51,52,53,19,31,32,33,34,35,36,37,54,55,58,59,60,61,62,56,63,64,65,66,67,57,68,69,70,71,72)  AND `type` = 1 [ RunTime:0.000790s ]
[ sql ] [ SQL ] SELECT VERSION() AS ver [ RunTime:0.000318s ]

---------------------------------------------------------------
[ 2019-03-19T13:39:23+08:00 ] 127.0.0.1 127.0.0.1 GET /admin/printnews/index.html
[ log ] px.print.com/admin/printnews/index.html [运行时间：1.118968s][吞吐率：0.89req/s] [内存消耗：2,259.03kb] [文件加载：58]
[ info ] [ LANG ] D:\phpStudy\WWW\printings\thinkphp\lang\zh-cn.php
[ info ] [ ROUTE ] array (
  'type' => 'module',
  'module' => 
  array (
    0 => 'admin',
    1 => 'printnews',
    2 => 'index',
  ),
)
[ info ] [ HEADER ] array (
  'cookie' => 'thinkphp_show_page_trace=0|0; PHPSESSID=9f5pcvo28a1tn2g7a57i2air63; thinkphp_show_page_trace=0|0',
  'accept-language' => 'zh-CN,zh;q=0.9',
  'accept-encoding' => 'gzip, deflate',
  'referer' => 'http://px.print.com/admin',
  'accept' => 'text/html,application/xhtml+xml,application/xml;q=0.9,image/webp,image/apng,*/*;q=0.8',
  'user-agent' => 'Mozilla/5.0 (Windows NT 10.0; WOW64) AppleWebKit/537.36 (KHTML, like Gecko) Chrome/62.0.3202.75 Safari/537.36',
  'upgrade-insecure-requests' => '1',
  'connection' => 'close',
  'host' => 'px.print.com',
)
[ info ] [ PARAM ] array (
  '/admin/printnews/index_html' => '',
)
[ info ] [ SESSION ] INIT array (
  'id' => '',
  'var_session_id' => '',
  'prefix' => 'think',
  'type' => '',
  'auto_start' => true,
)
[ info ] [ DB ] INIT mysql
[ info ] [ RUN ] app\admin\controller\Printnews->index[ D:\phpStudy\WWW\printings\application\admin\controller\Printnews.php ]
[ info ] [ VIEW ] ./themes/admin/printnews\index.html [ array (
  0 => 'menu',
  1 => 'controller',
  2 => 'category_level_list',
  3 => 'printnews_list',
  4 => 'category_list',
  5 => 'cid',
  6 => 'keyword',
) ]
[ info ] [ LOG ] INIT File
[ sql ] [ DB ] CONNECT:[ UseTime:1.011416s ] mysql:dbname=printings;host=localhost;charset=utf8
[ sql ] [ SQL ] SHOW COLUMNS FROM `os_auth_group_access` [ RunTime:0.012564s ]
[ sql ] [ SQL ] SELECT `AuthGroupAccess`.`uid`,`AuthGroupAccess`.`group_id`,`AuthGroup`.`title`,`AuthGroup`.`rules` FROM `os_auth_group_access` `AuthGroupAccess` LEFT JOIN `os_auth_group` `AuthGroup` ON `AuthGroupAccess`.`group_id`=`AuthGroup`.`id` WHERE  (  AuthGroupAccess.uid='1' and AuthGroup.status='1' ) [ RunTime:0.000330s ]
[ sql ] [ SQL ] SHOW COLUMNS FROM `os_auth_rule` [ RunTime:0.011605s ]
[ sql ] [ SQL ] SELECT `condition`,`name` FROM `os_auth_rule` WHERE  `id` IN (1,2,3,73,74,5,6,7,8,9,10,11,12,39,40,41,42,43,14,13,20,21,22,23,24,15,25,26,27,28,29,30,16,17,44,45,46,47,48,18,49,50,51,52,53,19,31,32,33,34,35,36,37,54,55,58,59,60,61,62,56,63,64,65,66,67,57,68,69,70,71,72)  AND `type` = 1 [ RunTime:0.000683s ]
[ sql ] [ SQL ] SELECT * FROM `os_auth_rule` WHERE  `status` = 1 ORDER BY `sort`  DESC,`id`  ASC [ RunTime:0.000433s ]
[ sql ] [ SQL ] SHOW COLUMNS FROM `os_category` [ RunTime:0.015791s ]
[ sql ] [ SQL ] SELECT * FROM `os_category` ORDER BY `sort`  DESC [ RunTime:0.000560s ]
[ sql ] [ SQL ] SHOW COLUMNS FROM `os_printnews` [ RunTime:0.014157s ]
[ sql ] [ SQL ] SELECT COUNT(*) AS tp_count FROM `os_printnews` LIMIT 1 [ RunTime:0.000353s ]
[ sql ] [ SQL ] SELECT `id`,`title`,`cid`,`author`,`reading`,`status`,`publish_time`,`update_time`,`sort` FROM `os_printnews` ORDER BY `publish_time`  DESC LIMIT 0,15 [ RunTime:0.000559s ]
[ sql ] [ SQL ] SELECT `id`,`name` FROM `os_category` [ RunTime:0.000327s ]

---------------------------------------------------------------
[ 2019-03-19T13:39:28+08:00 ] 127.0.0.1 127.0.0.1 GET /admin/printnews/add.html
[ log ] px.print.com/admin/printnews/add.html [运行时间：1.167428s][吞吐率：0.86req/s] [内存消耗：2,341.27kb] [文件加载：57]
[ info ] [ LANG ] D:\phpStudy\WWW\printings\thinkphp\lang\zh-cn.php
[ info ] [ ROUTE ] array (
  'type' => 'module',
  'module' => 
  array (
    0 => 'admin',
    1 => 'printnews',
    2 => 'add',
  ),
)
[ info ] [ HEADER ] array (
  'cookie' => 'thinkphp_show_page_trace=0|0; PHPSESSID=9f5pcvo28a1tn2g7a57i2air63; thinkphp_show_page_trace=0|0',
  'accept-language' => 'zh-CN,zh;q=0.9',
  'accept-encoding' => 'gzip, deflate',
  'referer' => 'http://px.print.com/admin/printnews/index.html',
  'accept' => 'text/html,application/xhtml+xml,application/xml;q=0.9,image/webp,image/apng,*/*;q=0.8',
  'user-agent' => 'Mozilla/5.0 (Windows NT 10.0; WOW64) AppleWebKit/537.36 (KHTML, like Gecko) Chrome/62.0.3202.75 Safari/537.36',
  'upgrade-insecure-requests' => '1',
  'connection' => 'close',
  'host' => 'px.print.com',
)
[ info ] [ PARAM ] array (
  '/admin/printnews/add_html' => '',
)
[ info ] [ SESSION ] INIT array (
  'id' => '',
  'var_session_id' => '',
  'prefix' => 'think',
  'type' => '',
  'auto_start' => true,
)
[ info ] [ DB ] INIT mysql
[ info ] [ RUN ] app\admin\controller\Printnews->add[ D:\phpStudy\WWW\printings\application\admin\controller\Printnews.php ]
[ info ] [ VIEW ] ./themes/admin/printnews\add.html [ array (
  0 => 'menu',
  1 => 'controller',
  2 => 'category_level_list',
) ]
[ info ] [ LOG ] INIT File
[ sql ] [ DB ] CONNECT:[ UseTime:1.012089s ] mysql:dbname=printings;host=localhost;charset=utf8
[ sql ] [ SQL ] SHOW COLUMNS FROM `os_auth_group_access` [ RunTime:0.021977s ]
[ sql ] [ SQL ] SELECT `AuthGroupAccess`.`uid`,`AuthGroupAccess`.`group_id`,`AuthGroup`.`title`,`AuthGroup`.`rules` FROM `os_auth_group_access` `AuthGroupAccess` LEFT JOIN `os_auth_group` `AuthGroup` ON `AuthGroupAccess`.`group_id`=`AuthGroup`.`id` WHERE  (  AuthGroupAccess.uid='1' and AuthGroup.status='1' ) [ RunTime:0.000532s ]
[ sql ] [ SQL ] SHOW COLUMNS FROM `os_auth_rule` [ RunTime:0.019960s ]
[ sql ] [ SQL ] SELECT `condition`,`name` FROM `os_auth_rule` WHERE  `id` IN (1,2,3,73,74,5,6,7,8,9,10,11,12,39,40,41,42,43,14,13,20,21,22,23,24,15,25,26,27,28,29,30,16,17,44,45,46,47,48,18,49,50,51,52,53,19,31,32,33,34,35,36,37,54,55,58,59,60,61,62,56,63,64,65,66,67,57,68,69,70,71,72)  AND `type` = 1 [ RunTime:0.000938s ]
[ sql ] [ SQL ] SELECT * FROM `os_auth_rule` WHERE  `status` = 1 ORDER BY `sort`  DESC,`id`  ASC [ RunTime:0.001272s ]
[ sql ] [ SQL ] SHOW COLUMNS FROM `os_category` [ RunTime:0.016244s ]
[ sql ] [ SQL ] SELECT * FROM `os_category` ORDER BY `sort`  DESC [ RunTime:0.000413s ]

---------------------------------------------------------------
[ 2019-03-19T13:39:29+08:00 ] 127.0.0.1 127.0.0.1 GET /api/ueditor/index?action=config&&noCache=1552973969168
[ log ] px.print.com/api/ueditor/index?action=config&&noCache=1552973969168 [运行时间：0.028856s][吞吐率：34.65req/s] [内存消耗：1,217.24kb] [文件加载：40]
[ info ] [ LANG ] D:\phpStudy\WWW\printings\thinkphp\lang\zh-cn.php
[ info ] [ ROUTE ] array (
  'type' => 'module',
  'module' => 
  array (
    0 => 'api',
    1 => 'ueditor',
    2 => 'index',
  ),
)
[ info ] [ HEADER ] array (
  'cookie' => 'PHPSESSID=9f5pcvo28a1tn2g7a57i2air63; thinkphp_show_page_trace=0|0',
  'accept-language' => 'zh-CN,zh;q=0.9',
  'accept-encoding' => 'gzip, deflate',
  'referer' => 'http://px.print.com/admin/printnews/add.html',
  'accept' => '*/*',
  'user-agent' => 'Mozilla/5.0 (Windows NT 10.0; WOW64) AppleWebKit/537.36 (KHTML, like Gecko) Chrome/62.0.3202.75 Safari/537.36',
  'connection' => 'close',
  'host' => 'px.print.com',
)
[ info ] [ PARAM ] array (
  '/api/ueditor/index' => '',
  'action' => 'config',
  'noCache' => '1552973969168',
)
[ info ] [ SESSION ] INIT array (
  'id' => '',
  'var_session_id' => '',
  'prefix' => 'think',
  'type' => '',
  'auto_start' => true,
)
[ info ] [ RUN ] app\api\controller\Ueditor->index[ D:\phpStudy\WWW\printings\application\api\controller\Ueditor.php ]
[ info ] [ LOG ] INIT File

---------------------------------------------------------------
[ 2019-03-19T13:39:30+08:00 ] 127.0.0.1 127.0.0.1 GET /api/ueditor/index?action=config&&noCache=1552973969169
[ log ] px.print.com/api/ueditor/index?action=config&&noCache=1552973969169 [运行时间：0.023478s][吞吐率：42.59req/s] [内存消耗：1,217.24kb] [文件加载：40]
[ info ] [ LANG ] D:\phpStudy\WWW\printings\thinkphp\lang\zh-cn.php
[ info ] [ ROUTE ] array (
  'type' => 'module',
  'module' => 
  array (
    0 => 'api',
    1 => 'ueditor',
    2 => 'index',
  ),
)
[ info ] [ HEADER ] array (
  'cookie' => 'PHPSESSID=9f5pcvo28a1tn2g7a57i2air63; thinkphp_show_page_trace=0|0',
  'accept-language' => 'zh-CN,zh;q=0.9',
  'accept-encoding' => 'gzip, deflate',
  'referer' => 'http://px.print.com/admin/printnews/add.html',
  'accept' => '*/*',
  'user-agent' => 'Mozilla/5.0 (Windows NT 10.0; WOW64) AppleWebKit/537.36 (KHTML, like Gecko) Chrome/62.0.3202.75 Safari/537.36',
  'connection' => 'close',
  'host' => 'px.print.com',
)
[ info ] [ PARAM ] array (
  '/api/ueditor/index' => '',
  'action' => 'config',
  'noCache' => '1552973969169',
)
[ info ] [ SESSION ] INIT array (
  'id' => '',
  'var_session_id' => '',
  'prefix' => 'think',
  'type' => '',
  'auto_start' => true,
)
[ info ] [ RUN ] app\api\controller\Ueditor->index[ D:\phpStudy\WWW\printings\application\api\controller\Ueditor.php ]
[ info ] [ LOG ] INIT File

---------------------------------------------------------------
